#
# There is insufficient memory for the Java Runtime Environment to continue.
# Native memory allocation (mmap) failed to map 268435456 bytes for G1 virtual space
# Possible reasons:
#   The system is out of physical RAM or swap space
#   The process is running with CompressedOops enabled, and the Java Heap may be blocking the growth of the native heap
# Possible solutions:
#   Reduce memory load on the system
#   Increase physical memory or swap space
#   Check if swap backing store is full
#   Decrease Java heap size (-Xmx/-Xms)
#   Decrease number of Java threads
#   Decrease Java thread stack sizes (-Xss)
#   Set larger code cache with -XX:ReservedCodeCacheSize=
#   JVM is running with Zero Based Compressed Oops mode in which the Java heap is
#     placed in the first 32GB address space. The Java Heap base address is the
#     maximum limit for the native heap growth. Please use -XX:HeapBaseMinAddress
#     to set the Java Heap base and to place the Java Heap above 32GB virtual address.
# This output file may be truncated or incomplete.
#
#  Out of Memory Error (os_windows.cpp:3603), pid=24688, tid=22532
#
# JRE version:  (21.0.7+8) (build )
# Java VM: Java HotSpot(TM) 64-Bit Server VM (21.0.7+8-LTS-245, mixed mode, sharing, tiered, compressed oops, compressed class ptrs, g1 gc, windows-amd64)
# No core dump will be written. Minidumps are not enabled by default on client versions of Windows
#

---------------  S U M M A R Y ------------

Command Line: -Dmaven.multiModuleProjectDirectory=E:\projects2 -Djansi.passthrough=true -Dmaven.home=E:/IntelliJ IDEA 2025.1.3/plugins/maven/lib/maven3 -Dclassworlds.conf=E:\IntelliJ IDEA 2025.1.3\plugins\maven\lib\maven3\bin\m2.conf -Dmaven.ext.class.path=E:\IntelliJ IDEA 2025.1.3\plugins\maven\lib\maven-event-listener.jar -javaagent:E:\IntelliJ IDEA 2025.1.3\lib\idea_rt.jar=49297 -Dfile.encoding=GBK -Dsun.stdout.encoding=GBK -Dsun.stderr.encoding=GBK org.codehaus.classworlds.Launcher -Didea.version=2025.1.3 clean

Host: Intel(R) Core(TM) i7-8750H CPU @ 2.20GHz, 12 cores, 15G,  Windows 11 , 64 bit Build 22621 (10.0.22621.5415)
Time: Wed Jul 30 00:23:37 2025  Windows 11 , 64 bit Build 22621 (10.0.22621.5415) elapsed time: 0.065427 seconds (0d 0h 0m 0s)

---------------  T H R E A D  ---------------

Current thread (0x00000236f997e3b0):  JavaThread "Unknown thread" [_thread_in_vm, id=22532, stack(0x000000f38d200000,0x000000f38d300000) (1024K)]

Stack: [0x000000f38d200000,0x000000f38d300000]
Native frames: (J=compiled Java code, j=interpreted, Vv=VM code, C=native code)
V  [jvm.dll+0x6cae19]
V  [jvm.dll+0x855741]
V  [jvm.dll+0x857c6e]
V  [jvm.dll+0x858343]
V  [jvm.dll+0x27e0b6]
V  [jvm.dll+0x6c7595]
V  [jvm.dll+0x6bc0fa]
V  [jvm.dll+0x353eaa]
V  [jvm.dll+0x35bb26]
V  [jvm.dll+0x3ae52e]
V  [jvm.dll+0x3ae7d8]
V  [jvm.dll+0x3281bc]
V  [jvm.dll+0x328d1b]
V  [jvm.dll+0x81eaf9]
V  [jvm.dll+0x3bb211]
V  [jvm.dll+0x807d78]
V  [jvm.dll+0x4503ee]
V  [jvm.dll+0x451fe1]
C  [jli.dll+0x52a3]
C  [ucrtbase.dll+0x29333]
C  [KERNEL32.DLL+0x1259d]
C  [ntdll.dll+0x5af78]


---------------  P R O C E S S  ---------------

Threads class SMR info:
_java_thread_list=0x00007fff76d8cc48, length=0, elements={
}

Java Threads: ( => current thread )
Total: 0

Other Threads:
  0x00000236f967fc30 WorkerThread "GC Thread#0"                     [id=26160, stack(0x000000f38d300000,0x000000f38d400000) (1024K)]
  0x00000236f99f8230 ConcurrentGCThread "G1 Main Marker"            [id=8460, stack(0x000000f38d400000,0x000000f38d500000) (1024K)]
  0x00000236f967f4f0 WorkerThread "G1 Conc#0"                       [id=2140, stack(0x000000f38d500000,0x000000f38d600000) (1024K)]

[error occurred during error reporting (printing all threads), id 0xc0000005, EXCEPTION_ACCESS_VIOLATION (0xc0000005) at pc=0x00007fff764fa947]
VM state: not at safepoint (not fully initialized)

VM Mutex/Monitor currently owned by a thread:  ([mutex/lock_event])
[0x00007fff76dfdf50] Heap_lock - owner thread: 0x00000236f997e3b0

Heap address: 0x0000000701e00000, size: 4066 MB, Compressed Oops mode: Zero based, Oop shift amount: 3

CDS archive(s) mapped at: [0x0000000000000000-0x0000000000000000-0x0000000000000000), size 0, SharedBaseAddress: 0x0000000800000000, ArchiveRelocationMode: 1.
Narrow klass base: 0x0000000000000000, Narrow klass shift: 0, Narrow klass range: 0x0

GC Precious Log:
 CardTable entry size: 512
 Card Set container configuration: InlinePtr #cards 4 size 8 Array Of Cards #cards 16 size 48 Howl #buckets 8 coarsen threshold 3686 Howl Bitmap #cards 512 size 80 coarsen threshold 460 Card regions per heap region 1 cards per card region 4096

Heap:
 garbage-first heap   total 0K, used 0K [0x0000000701e00000, 0x0000000800000000)
  region size 2048K, 0 young (0K), 0 survivors (0K)

[error occurred during error reporting (printing heap information), id 0xc0000005, EXCEPTION_ACCESS_VIOLATION (0xc0000005) at pc=0x00007fff768e3e79]
GC Heap History (0 events):
No events

Dll operation events (1 events):
Event: 0.011 Loaded shared library D:\jdk21\bin\java.dll

Deoptimization events (0 events):
No events

Classes loaded (0 events):
No events

Classes unloaded (0 events):
No events

Classes redefined (0 events):
No events

Internal exceptions (0 events):
No events

ZGC Phase Switch (0 events):
No events

VM Operations (0 events):
No events

Events (0 events):
No events


Dynamic libraries:
0x00007ff62f2f0000 - 0x00007ff62f300000 	D:\jdk21\bin\java.exe
0x00007ff814070000 - 0x00007ff814287000 	C:\WINDOWS\SYSTEM32\ntdll.dll
0x00007ff813700000 - 0x00007ff8137c4000 	C:\WINDOWS\System32\KERNEL32.DLL
0x00007ff811590000 - 0x00007ff811962000 	C:\WINDOWS\System32\KERNELBASE.dll
0x00007ff811470000 - 0x00007ff811581000 	C:\WINDOWS\System32\ucrtbase.dll
0x00007ff803fb0000 - 0x00007ff803fcb000 	D:\jdk21\bin\VCRUNTIME140.dll
0x00007ff80d0c0000 - 0x00007ff80d0d9000 	D:\jdk21\bin\jli.dll
0x00007ff8132b0000 - 0x00007ff813361000 	C:\WINDOWS\System32\ADVAPI32.dll
0x00007ff813830000 - 0x00007ff8138d7000 	C:\WINDOWS\System32\msvcrt.dll
0x00007ff813650000 - 0x00007ff8136f8000 	C:\WINDOWS\System32\sechost.dll
0x00007ff811a20000 - 0x00007ff811a48000 	C:\WINDOWS\System32\bcrypt.dll
0x00007ff813f10000 - 0x00007ff814024000 	C:\WINDOWS\System32\RPCRT4.dll
0x00007ff8138f0000 - 0x00007ff813aa1000 	C:\WINDOWS\System32\USER32.dll
0x00007ff811970000 - 0x00007ff811996000 	C:\WINDOWS\System32\win32u.dll
0x00007ff813c60000 - 0x00007ff813c89000 	C:\WINDOWS\System32\GDI32.dll
0x00007ff811340000 - 0x00007ff811463000 	C:\WINDOWS\System32\gdi32full.dll
0x00007ffff9a90000 - 0x00007ffff9d2b000 	C:\WINDOWS\WinSxS\amd64_microsoft.windows.common-controls_6595b64144ccf1df_6.0.22621.5547_none_27104afb73855772\COMCTL32.dll
0x00007ff811160000 - 0x00007ff8111fa000 	C:\WINDOWS\System32\msvcp_win.dll
0x00007ff809dd0000 - 0x00007ff809dda000 	C:\WINDOWS\SYSTEM32\VERSION.dll
0x00007ff811e00000 - 0x00007ff811e31000 	C:\WINDOWS\System32\IMM32.DLL
0x00007ff80a4f0000 - 0x00007ff80a4fc000 	D:\jdk21\bin\vcruntime140_1.dll
0x00007fffe4d80000 - 0x00007fffe4e0e000 	D:\jdk21\bin\msvcp140.dll
0x00007fff761c0000 - 0x00007fff76eda000 	D:\jdk21\bin\server\jvm.dll
0x00007ff811d00000 - 0x00007ff811d71000 	C:\WINDOWS\System32\WS2_32.dll
0x00007ff811030000 - 0x00007ff81107d000 	C:\WINDOWS\SYSTEM32\POWRPROF.dll
0x00007ff809800000 - 0x00007ff809834000 	C:\WINDOWS\SYSTEM32\WINMM.dll
0x00007ff811010000 - 0x00007ff811023000 	C:\WINDOWS\SYSTEM32\UMPDC.dll
0x00007ff810150000 - 0x00007ff810168000 	C:\WINDOWS\SYSTEM32\kernel.appcore.dll
0x00007ff803ff0000 - 0x00007ff803ffa000 	D:\jdk21\bin\jimage.dll
0x00007ff80ed10000 - 0x00007ff80ef43000 	C:\WINDOWS\SYSTEM32\DBGHELP.DLL
0x00007ff812650000 - 0x00007ff8129e3000 	C:\WINDOWS\System32\combase.dll
0x00007ff813b60000 - 0x00007ff813c37000 	C:\WINDOWS\System32\OLEAUT32.dll
0x00007ffff7a80000 - 0x00007ffff7ab2000 	C:\WINDOWS\SYSTEM32\dbgcore.DLL
0x00007ff8112c0000 - 0x00007ff81133b000 	C:\WINDOWS\System32\bcryptPrimitives.dll
0x00007ffffadb0000 - 0x00007ffffadbf000 	D:\jdk21\bin\instrument.dll
0x00007ff803f60000 - 0x00007ff803f7f000 	D:\jdk21\bin\java.dll

dbghelp: loaded successfully - version: 4.0.5 - missing functions: none
symbol engine: initialized successfully - sym options: 0x614 - pdb path: .;D:\jdk21\bin;C:\WINDOWS\SYSTEM32;C:\WINDOWS\WinSxS\amd64_microsoft.windows.common-controls_6595b64144ccf1df_6.0.22621.5547_none_27104afb73855772;D:\jdk21\bin\server

VM Arguments:
jvm_args: -Dmaven.multiModuleProjectDirectory=E:\projects2 -Djansi.passthrough=true -Dmaven.home=E:/IntelliJ IDEA 2025.1.3/plugins/maven/lib/maven3 -Dclassworlds.conf=E:\IntelliJ IDEA 2025.1.3\plugins\maven\lib\maven3\bin\m2.conf -Dmaven.ext.class.path=E:\IntelliJ IDEA 2025.1.3\plugins\maven\lib\maven-event-listener.jar -javaagent:E:\IntelliJ IDEA 2025.1.3\lib\idea_rt.jar=49297 -Dfile.encoding=GBK -Dsun.stdout.encoding=GBK -Dsun.stderr.encoding=GBK 
java_command: org.codehaus.classworlds.Launcher -Didea.version=2025.1.3 clean
java_class_path (initial): E:\IntelliJ IDEA 2025.1.3\plugins\maven\lib\maven3\boot\plexus-classworlds-2.8.0.jar;E:\IntelliJ IDEA 2025.1.3\plugins\maven\lib\maven3\boot\plexus-classworlds.license
Launcher Type: SUN_STANDARD

[Global flags]
     intx CICompilerCount                          = 4                                         {product} {ergonomic}
     uint ConcGCThreads                            = 3                                         {product} {ergonomic}
     uint G1ConcRefinementThreads                  = 10                                        {product} {ergonomic}
   size_t G1HeapRegionSize                         = 2097152                                   {product} {ergonomic}
    uintx GCDrainStackTargetSize                   = 64                                        {product} {ergonomic}
   size_t InitialHeapSize                          = 268435456                                 {product} {ergonomic}
   size_t MarkStackSize                            = 4194304                                   {product} {ergonomic}
   size_t MaxHeapSize                              = 4263510016                                {product} {ergonomic}
   size_t MinHeapDeltaBytes                        = 2097152                                   {product} {ergonomic}
   size_t MinHeapSize                              = 8388608                                   {product} {ergonomic}
    uintx NonNMethodCodeHeapSize                   = 5839372                                {pd product} {ergonomic}
    uintx NonProfiledCodeHeapSize                  = 122909434                              {pd product} {ergonomic}
    uintx ProfiledCodeHeapSize                     = 122909434                              {pd product} {ergonomic}
    uintx ReservedCodeCacheSize                    = 251658240                              {pd product} {ergonomic}
     bool SegmentedCodeCache                       = true                                      {product} {ergonomic}
   size_t SoftMaxHeapSize                          = 4263510016                             {manageable} {ergonomic}
     bool UseCompressedOops                        = true                           {product lp64_product} {ergonomic}
     bool UseG1GC                                  = true                                      {product} {ergonomic}
     bool UseLargePagesIndividualAllocation        = false                                  {pd product} {ergonomic}

Logging:
Log output configuration:
 #0: stdout all=warning uptime,level,tags foldmultilines=false
 #1: stderr all=off uptime,level,tags foldmultilines=false

Environment Variables:
JAVA_HOME=C:\Program Files\Java\jdk1.8.0_192
CLASSPATH=.;C:\Program Files\Java\jdk1.8.0_192\lib\dt.jar;C:\Program Files\Java\jdk1.8.0_192\lib\tools.jar; 
PATH=C:\Program Files\Common Files\Oracle\Java\javapath;C:\WINDOWS;C:\WINDOWS\system32;C:\Program Files\dotnet\;C:\WINDOWS\System32\Wbem;C:\WINDOWS\System32\OpenSSH\;C:\Program Files\Java\jdk1.8.0_192\bin;"C:\Program Files\Java\jdk1.8.0_192\bin;";C:\Users\qzy21\AppData\Roaming\npm;C:\Program Files\Java\jdk1.8.0_192\jre\bin;C:\Program Files\MySQL\MySQL Server 8.0\bin;C:\Program Files\Microsoft\Web Platform Installer\;C:\WINDOWS\System32\WindowsPowerShell\v1.0\;C:\Program Files (x86)\NVIDIA Corporation\PhysX\Common;C:\Program Files\NVIDIA GPU Computing Toolkit\CUDA\v8.0;C:\Program Files\Apache Software Foundation\Tomcat 9.0\bin;C:\Program Files\NVIDIA GPU Computing Toolkit\CUDA\v11.8\bin;C:\Program Files\NVIDIA GPU Computing Toolkit\CUDA\v11.8\libnvvp;"C:\Windows\system32;C:\Program Files (x86)\Common Files\Oracle\Java\javapath";C:\Users\qzy21\AppData\Local\Programs\Python\Python37-32\;C:\Users\qzy21\AppData\Local\Programs\Python\Python37-32\Scripts\;C:\Program Files\NVIDIA GPU Computing Toolkit\CUDA\v8.0\bin;E:\cmake\bin;E:\CTEX\CTeX;E:\mingw64\bin;E:\CTEX\CTeX\Packages\ty\bin;E:\CTEX\CTeX\Packages\cct\bin;E:\CTEX\CTeX\Packages\ctex\bin;E:\nodejs;%CUDA_LIB_PATH;%CUDA_SDK_PATH;%CUDA_SDK_BIN_PATH;%CUDA_SDK_LIB_PATH;C:\Program Files (x86)\Windows Kits\10\Windows Performance Toolkit\;C:\Program Files\NVIDIA GPU Computing Toolkit\CUDA\v11.8;C:\Program Files\NVIDIA GPU Computing Toolkit\CUDA\v11.8\lib;C:\Program Files\NVIDIA GPU Computing Toolkit\CUDA\v11.8\bin;C:\Program Files\NVIDIA GPU Computing Toolkit\CUDA\v11.8\lib\x64;C:\Program Files\Eigen3;F:\Xshell8\;E:\Git\cmd;C:\Program Files\NVIDIA Corporation\NVIDIA app\NvDLISR;E:\opencv480\opencv\build\x64\vc16\bin;E:\opencv480\opencv\build\x64\vc16\lib;e:\cursor\resources\app\bin;E:\pulsar-master\bin;;C:\Program Files\Docker\Docker\resources\bin;C:\Program Files\Java\jdk1.8.0_192\bin;C:\Program Files\Java\jdk1.8.0_192\jre\bin;E:\nodejs;E:\python\;E:\python\Scripts\;E:\nodejs\node_global;E:\Microsoft VS Code\bin;E:\hadoop\hadoop-3.1.3\bin;D:\phpstorm\PhpStorm 2019.2.2\bin;;C:\Users\qzy21\AppData\Local\Microsoft\WindowsApps;D:\PyCharm Professional Edition with Anaconda plugin 2019.1.3\bin;;E:\IntelliJ IDEA 2025.1.3\bin;;E:\cursor\resources\app\bin
USERNAME=qzy21
OS=Windows_NT
PROCESSOR_IDENTIFIER=Intel64 Family 6 Model 158 Stepping 10, GenuineIntel
TMP=C:\Users\qzy21\AppData\Local\Temp
TEMP=C:\Users\qzy21\AppData\Local\Temp




Periodic native trim disabled

---------------  S Y S T E M  ---------------

OS:
 Windows 11 , 64 bit Build 22621 (10.0.22621.5415)
OS uptime: 0 days 2:38 hours
Hyper-V role detected

CPU: total 12 (initial active 12) (6 cores per cpu, 2 threads per core) family 6 model 158 stepping 10 microcode 0xde, cx8, cmov, fxsr, ht, mmx, 3dnowpref, sse, sse2, sse3, ssse3, sse4.1, sse4.2, popcnt, lzcnt, tsc, tscinvbit, avx, avx2, aes, erms, clmul, bmi1, bmi2, adx, fma, vzeroupper, clflush, clflushopt, hv, rdtscp, f16c
Processor Information for all 12 processors :
  Max Mhz: 2208, Current Mhz: 2208, Mhz Limit: 2208

Memory: 4k page, system-wide physical 16257M (4883M free)
TotalPageFile size 19329M (AvailPageFile size 238M)
current process WorkingSet (physical memory assigned to process): 11M, peak: 11M
current process commit charge ("private bytes"): 64M, peak: 320M

vm_info: Java HotSpot(TM) 64-Bit Server VM (21.0.7+8-LTS-245) for windows-amd64 JRE (21.0.7+8-LTS-245), built on 2025-02-21T05:11:27Z by "mach5one" with MS VC++ 17.6 (VS2022)

END.
